Using pre-set license
Built from '2020.3/release' branch; Version is '2020.3.1f1 (77a89f25062f) revision 7841951'; Using compiler version '192528614'; Build Type 'Release'
OS: 'Windows 10 Home; OS build 19042.867; Version 2009; 64bit' Language: 'en' Physical Memory: 16231 MB
BatchMode: 1, IsHumanControllingUs: 0, StartBugReporterOnCrash: 0, Is64bit: 1, IsPro: 0

 COMMAND LINE ARGUMENTS:
S:\Program Files\2020.3.1f1\Editor\Unity.exe
-adb2
-batchMode
-noUpm
-name
AssetImportWorker0
-projectPath
S:/Documents/UnityProjects/XR_Rig
-logFile
Logs/AssetImportWorker0.log
-srvPort
51264
Successfully changed project path to: S:/Documents/UnityProjects/XR_Rig
S:/Documents/UnityProjects/XR_Rig
Using Asset Import Pipeline V2.
Refreshing native plugins compatible for Editor in 63.84 ms, found 5 plugins.
Preloading 0 native plugins for Editor in 0.00 ms.
Initialize engine version: 2020.3.1f1 (77a89f25062f)
[Subsystems] Discovering subsystems at path S:/Program Files/2020.3.1f1/Editor/Data/Resources/UnitySubsystems
[Subsystems] Discovering subsystems at path S:/Documents/UnityProjects/XR_Rig/Assets
GfxDevice: creating device client; threaded=0
Direct3D:
    Version:  Direct3D 11.0 [level 11.1]
    Renderer: NVIDIA GeForce GTX 1660 Ti (ID=0x2191)
    Vendor:   
    VRAM:     5991 MB
    Driver:   27.21.14.5730
Initialize mono
Mono path[0] = 'S:/Program Files/2020.3.1f1/Editor/Data/Managed'
Mono path[1] = 'S:/Program Files/2020.3.1f1/Editor/Data/MonoBleedingEdge/lib/mono/unityjit'
Mono config path = 'S:/Program Files/2020.3.1f1/Editor/Data/MonoBleedingEdge/etc'
Using monoOptions --debugger-agent=transport=dt_socket,embedding=1,server=y,suspend=n,address=127.0.0.1:56200
Begin MonoManager ReloadAssembly
Registering precompiled unity dll's ...
Register platform support module: S:/Program Files/2020.3.1f1/Editor/Data/PlaybackEngines/WindowsStandaloneSupport/UnityEditor.WindowsStandalone.Extensions.dll
Registered in 0.001477 seconds.
Native extension for WindowsStandalone target not found
Refreshing native plugins compatible for Editor in 54.52 ms, found 5 plugins.
Preloading 0 native plugins for Editor in 0.00 ms.
Invoked RoslynAnalysisRunner static constructor.
RoslynAnalysisRunner will not be running.
RoslynAnalysisRunner has terminated.
Mono: successfully reloaded assembly
- Completed reload, in  3.245 seconds
Platform modules already initialized, skipping
Registering precompiled user dll's ...
Registered in 0.008748 seconds.
Begin MonoManager ReloadAssembly
Native extension for WindowsStandalone target not found
Refreshing native plugins compatible for Editor in 48.56 ms, found 5 plugins.
Preloading 0 native plugins for Editor in 0.00 ms.
Invoked RoslynAnalysisRunner static constructor.
RoslynAnalysisRunner will not be running.
RoslynAnalysisRunner has terminated.
Mono: successfully reloaded assembly
- Completed reload, in  1.059 seconds
Platform modules already initialized, skipping
========================================================================
Worker process is ready to serve import requests
Shader 'Universal Render Pipeline/Particles/Lit': fallback shader 'Universal Render Pipeline/Particles/SimpleLit' not found
Shader 'Universal Render Pipeline/Particles/Lit': fallback shader 'Universal Render Pipeline/Particles/SimpleLit' not found
Launched and connected shader compiler UnityShaderCompiler.exe after 0.90 seconds
Refreshing native plugins compatible for Editor in 0.52 ms, found 5 plugins.
Preloading 0 native plugins for Editor in 0.00 ms.
Unloading 3015 Unused Serialized files (Serialized files now loaded: 0)
System memory in use before: 135.5 MB.
System memory in use after: 133.2 MB.

Unloading 60 unused Assets to reduce memory usage. Loaded Objects now: 3418.
Total: 3.412700 ms (FindLiveObjects: 0.260800 ms CreateObjectMapping: 0.144200 ms MarkObjects: 1.900600 ms  DeleteObjects: 1.106100 ms)

========================================================================
Received Import Request.
  path: Assets
  artifactKey: Guid(00000000000000001000000000000000) Importer(815301076,1909f56bfc062723c751e8b465ee728b)
Start importing Assets using Guid(00000000000000001000000000000000) Importer(815301076,1909f56bfc062723c751e8b465ee728b)  -> (artifact id: 'a6374019befeac6ce670f13ba9960efb') in 0.006240 seconds
  Import took 0.011641 seconds .

========================================================================
Received Prepare
Shader 'Universal Render Pipeline/Particles/Lit': fallback shader 'Universal Render Pipeline/Particles/SimpleLit' not found
Shader 'Universal Render Pipeline/Particles/Lit': fallback shader 'Universal Render Pipeline/Particles/SimpleLit' not found
Refreshing native plugins compatible for Editor in 5.03 ms, found 5 plugins.
Preloading 0 native plugins for Editor in 0.00 ms.
Unloading 50 Unused Serialized files (Serialized files now loaded: 0)
System memory in use before: 74.6 MB.
System memory in use after: 72.5 MB.

Unloading 50 unused Assets to reduce memory usage. Loaded Objects now: 3418.
Total: 4.108200 ms (FindLiveObjects: 0.292200 ms CreateObjectMapping: 0.137500 ms MarkObjects: 2.495000 ms  DeleteObjects: 1.182700 ms)

========================================================================
Received Import Request.
  Time since last request: 70.947372 seconds.
  path: Assets/New Shader Graph.shadergraph
  artifactKey: Guid(058a643017779594f859805b49bf18ce) Importer(815301076,1909f56bfc062723c751e8b465ee728b)
Start importing Assets/New Shader Graph.shadergraph using Guid(058a643017779594f859805b49bf18ce) Importer(815301076,1909f56bfc062723c751e8b465ee728b)  -> (artifact id: 'f605a84255e1f96d74ad36caaa8073e0') in 0.048890 seconds
  Import took 0.056826 seconds .

========================================================================
Received Import Request.
  Time since last request: 0.369626 seconds.
  path: Assets/New Shader Graph.shadergraph
  artifactKey: Guid(058a643017779594f859805b49bf18ce) Importer(815301076,1909f56bfc062723c751e8b465ee728b)
Start importing Assets/New Shader Graph.shadergraph using Guid(058a643017779594f859805b49bf18ce) Importer(815301076,1909f56bfc062723c751e8b465ee728b)  -> (artifact id: 'f605a84255e1f96d74ad36caaa8073e0') in 0.005159 seconds
  Import took 0.011761 seconds .

========================================================================
Received Import Request.
  Time since last request: 406.705792 seconds.
  path: Assets/New Shader Graph.shadergraph
  artifactKey: Guid(058a643017779594f859805b49bf18ce) Importer(815301076,1909f56bfc062723c751e8b465ee728b)
Start importing Assets/New Shader Graph.shadergraph using Guid(058a643017779594f859805b49bf18ce) Importer(815301076,1909f56bfc062723c751e8b465ee728b)  -> (artifact id: 'a624c1a0eb8a2166b2026234b88ced72') in 0.004896 seconds
  Import took 0.009754 seconds .

========================================================================
Received Import Request.
  Time since last request: 112.840844 seconds.
  path: Assets/Shader Graphs_New Shader Graph.mat
  artifactKey: Guid(d0b0b94f3af00954ab5dfa74d063767e) Importer(815301076,1909f56bfc062723c751e8b465ee728b)
Start importing Assets/Shader Graphs_New Shader Graph.mat using Guid(d0b0b94f3af00954ab5dfa74d063767e) Importer(815301076,1909f56bfc062723c751e8b465ee728b)  -> (artifact id: '9cd795296910783be7498ea150d9fe80') in 0.202379 seconds
  Import took 0.208055 seconds .

========================================================================
Received Prepare
Registering precompiled user dll's ...
Registered in 0.004813 seconds.
Begin MonoManager ReloadAssembly
Native extension for WindowsStandalone target not found
Refreshing native plugins compatible for Editor in 0.58 ms, found 5 plugins.
Preloading 0 native plugins for Editor in 0.00 ms.
Invoked RoslynAnalysisRunner static constructor.
RoslynAnalysisRunner will not be running.
RoslynAnalysisRunner has terminated.
Mono: successfully reloaded assembly
- Completed reload, in  1.079 seconds
Platform modules already initialized, skipping
Shader 'Universal Render Pipeline/Particles/Lit': fallback shader 'Universal Render Pipeline/Particles/SimpleLit' not found
Shader 'Universal Render Pipeline/Particles/Lit': fallback shader 'Universal Render Pipeline/Particles/SimpleLit' not found
Refreshing native plugins compatible for Editor in 0.58 ms, found 5 plugins.
Preloading 0 native plugins for Editor in 0.00 ms.
Unloading 2935 Unused Serialized files (Serialized files now loaded: 0)
System memory in use before: 134.4 MB.
System memory in use after: 132.3 MB.

Unloading 53 unused Assets to reduce memory usage. Loaded Objects now: 3500.
Total: 3.658000 ms (FindLiveObjects: 0.297400 ms CreateObjectMapping: 0.113300 ms MarkObjects: 2.091200 ms  DeleteObjects: 1.155300 ms)

